[2022-10-09 00:49:14,207: INFO: stage_01_get_data]: 
********************
[2022-10-09 00:49:14,207: INFO: stage_01_get_data]: >>>>> stage STAGE_NAME started <<<<<
[2022-10-09 00:49:14,207: ERROR: stage_01_get_data]: main() missing 1 required positional argument: 'params_path'
Traceback (most recent call last):
  File "src/stage_01_get_data.py", line 34, in <module>
    main(config_path=parsed_args.config)
TypeError: main() missing 1 required positional argument: 'params_path'
[2022-10-09 00:50:01,259: INFO: stage_01_get_data]: 
********************
[2022-10-09 00:50:01,259: INFO: stage_01_get_data]: >>>>> stage STAGE_NAME started <<<<<
[2022-10-09 00:50:01,260: ERROR: stage_01_get_data]: name 'read_yaml' is not defined
Traceback (most recent call last):
  File "src/stage_01_get_data.py", line 34, in <module>
    main(config_path=parsed_args.config)
  File "src/stage_01_get_data.py", line 22, in main
    config = read_yaml(config_path)
NameError: name 'read_yaml' is not defined
[2022-10-09 00:59:49,742: INFO: stage_01_get_data]: 
********************
[2022-10-09 00:59:49,742: INFO: stage_01_get_data]: >>>>> stage STAGE_NAME started <<<<<
[2022-10-09 00:59:49,747: INFO: common]: yaml file: configs/config.yaml loaded successfully
[2022-10-09 00:59:49,747: INFO: stage_01_get_data]: >>>>> stage STAGE_NAME completed!<<<<<

[2022-10-09 01:02:44,897: INFO: stage_01_get_data]: 
********************
[2022-10-09 01:02:44,897: INFO: stage_01_get_data]: >>>>> stage get data started <<<<<
[2022-10-09 01:02:44,905: INFO: common]: yaml file: configs/config.yaml loaded successfully
[2022-10-09 01:02:44,906: INFO: stage_01_get_data]: >>>>> stage get data completed!<<<<<

[2022-10-09 01:05:46,338: INFO: stage_01_get_data]: 
********************
[2022-10-09 01:05:46,338: INFO: stage_01_get_data]: >>>>> stage get data started <<<<<
[2022-10-09 01:05:46,343: INFO: common]: yaml file: configs/config.yaml loaded successfully
[2022-10-09 01:05:46,343: INFO: stage_01_get_data]: >>>>> stage get data completed!<<<<<

[2022-10-09 01:06:25,407: INFO: stage_01_get_data]: 
********************
[2022-10-09 01:06:25,413: INFO: stage_01_get_data]: >>>>> stage get data started <<<<<
[2022-10-09 01:06:25,429: INFO: common]: yaml file: configs/config.yaml loaded successfully
[2022-10-09 01:06:25,429: INFO: stage_01_get_data]: >>>>> stage get data completed!<<<<<

[2022-10-16 15:54:08,140: INFO: stage_01_get_data]: 
********************
[2022-10-16 15:54:08,140: INFO: stage_01_get_data]: >>>>> stage get data started <<<<<
[2022-10-16 15:54:08,158: INFO: common]: yaml file: configs/config.yaml loaded successfully
[2022-10-16 15:54:08,158: INFO: stage_01_get_data]: >>>>> stage get data completed!<<<<<

